{"/home/bhavS/Blinkist App/blinkist/src/App.tsx": {"path":"/home/bhavS/Blinkist App/blinkist/src/App.tsx","statementMap":{"0":{"start":{"line":10,"column":12},"end":{"line":22,"column":1}},"1":{"start":{"line":11,"column":2},"end":{"line":21,"column":4}}},"fnMap":{"0":{"name":"(anonymous_0)","decl":{"start":{"line":10,"column":12},"end":{"line":10,"column":13}},"loc":{"start":{"line":10,"column":18},"end":{"line":22,"column":1}},"line":10}},"branchMap":{},"s":{"0":1,"1":2},"f":{"0":2},"b":{},"_coverageSchema":"1a1c01bbd47fc00a2c39e90264f33305004495a9","hash":"152fd52ad2d1e58d75398f73b1184739cc23b058"}
,"/home/bhavS/Blinkist App/blinkist/src/index.tsx": {"path":"/home/bhavS/Blinkist App/blinkist/src/index.tsx","statementMap":{"0":{"start":{"line":11,"column":13},"end":{"line":13,"column":1}},"1":{"start":{"line":14,"column":0},"end":{"line":40,"column":2}},"2":{"start":{"line":45,"column":0},"end":{"line":45,"column":18}}},"fnMap":{},"branchMap":{},"s":{"0":0,"1":0,"2":0},"f":{},"b":{}}
,"/home/bhavS/Blinkist App/blinkist/src/reportWebVitals.ts": {"path":"/home/bhavS/Blinkist App/blinkist/src/reportWebVitals.ts","statementMap":{"0":{"start":{"line":3,"column":24},"end":{"line":13,"column":1}},"1":{"start":{"line":4,"column":2},"end":{"line":12,"column":3}},"2":{"start":{"line":5,"column":4},"end":{"line":11,"column":7}},"3":{"start":{"line":6,"column":6},"end":{"line":6,"column":26}},"4":{"start":{"line":7,"column":6},"end":{"line":7,"column":26}},"5":{"start":{"line":8,"column":6},"end":{"line":8,"column":26}},"6":{"start":{"line":9,"column":6},"end":{"line":9,"column":26}},"7":{"start":{"line":10,"column":6},"end":{"line":10,"column":27}}},"fnMap":{"0":{"name":"(anonymous_0)","decl":{"start":{"line":3,"column":24},"end":{"line":3,"column":25}},"loc":{"start":{"line":3,"column":57},"end":{"line":13,"column":1}},"line":3},"1":{"name":"(anonymous_1)","decl":{"start":{"line":5,"column":30},"end":{"line":5,"column":31}},"loc":{"start":{"line":5,"column":79},"end":{"line":11,"column":5}},"line":5}},"branchMap":{"0":{"loc":{"start":{"line":4,"column":2},"end":{"line":12,"column":3}},"type":"if","locations":[{"start":{"line":4,"column":2},"end":{"line":12,"column":3}},{"start":{},"end":{}}],"line":4},"1":{"loc":{"start":{"line":4,"column":6},"end":{"line":4,"column":52}},"type":"binary-expr","locations":[{"start":{"line":4,"column":6},"end":{"line":4,"column":17}},{"start":{"line":4,"column":21},"end":{"line":4,"column":52}}],"line":4}},"s":{"0":0,"1":0,"2":0,"3":0,"4":0,"5":0,"6":0,"7":0},"f":{"0":0,"1":0},"b":{"0":[0,0],"1":[0,0]}}
,"/home/bhavS/Blinkist App/blinkist/src/Themes/theme.tsx": {"path":"/home/bhavS/Blinkist App/blinkist/src/Themes/theme.tsx","statementMap":{"0":{"start":{"line":46,"column":21},"end":{"line":147,"column":2}}},"fnMap":{},"branchMap":{},"s":{"0":12},"f":{},"b":{},"_coverageSchema":"1a1c01bbd47fc00a2c39e90264f33305004495a9","hash":"293c8dfa432e8fd49fa548afd93189eb6bcfc980"}
,"/home/bhavS/Blinkist App/blinkist/src/components/Authentication/LoginButton/LoginButton.tsx": {"path":"/home/bhavS/Blinkist App/blinkist/src/components/Authentication/LoginButton/LoginButton.tsx","statementMap":{"0":{"start":{"line":6,"column":20},"end":{"line":10,"column":1}},"1":{"start":{"line":7,"column":32},"end":{"line":7,"column":42}},"2":{"start":{"line":9,"column":2},"end":{"line":9,"column":134}},"3":{"start":{"line":9,"column":49},"end":{"line":9,"column":68}}},"fnMap":{"0":{"name":"(anonymous_0)","decl":{"start":{"line":6,"column":20},"end":{"line":6,"column":21}},"loc":{"start":{"line":6,"column":26},"end":{"line":10,"column":1}},"line":6},"1":{"name":"(anonymous_1)","decl":{"start":{"line":9,"column":43},"end":{"line":9,"column":44}},"loc":{"start":{"line":9,"column":49},"end":{"line":9,"column":68}},"line":9}},"branchMap":{},"s":{"0":2,"1":0,"2":0,"3":0},"f":{"0":0,"1":0},"b":{},"_coverageSchema":"1a1c01bbd47fc00a2c39e90264f33305004495a9","hash":"5ed4c4105424bab4f9624f83fb98e524f4913756"}
,"/home/bhavS/Blinkist App/blinkist/src/components/Authentication/LogoutButton/LogoutButton.tsx": {"path":"/home/bhavS/Blinkist App/blinkist/src/components/Authentication/LogoutButton/LogoutButton.tsx","statementMap":{"0":{"start":{"line":5,"column":21},"end":{"line":9,"column":1}},"1":{"start":{"line":6,"column":21},"end":{"line":6,"column":31}},"2":{"start":{"line":8,"column":2},"end":{"line":8,"column":112}},"3":{"start":{"line":8,"column":49},"end":{"line":8,"column":93}}},"fnMap":{"0":{"name":"(anonymous_0)","decl":{"start":{"line":5,"column":21},"end":{"line":5,"column":22}},"loc":{"start":{"line":5,"column":27},"end":{"line":9,"column":1}},"line":5},"1":{"name":"(anonymous_1)","decl":{"start":{"line":8,"column":43},"end":{"line":8,"column":44}},"loc":{"start":{"line":8,"column":49},"end":{"line":8,"column":93}},"line":8}},"branchMap":{},"s":{"0":2,"1":0,"2":0,"3":0},"f":{"0":0,"1":0},"b":{},"_coverageSchema":"1a1c01bbd47fc00a2c39e90264f33305004495a9","hash":"b7d66e5d96dac999c362ac87b82365b1d0972d80"}
,"/home/bhavS/Blinkist App/blinkist/src/components/atoms/Avatar/Avatar.stories.tsx": {"path":"/home/bhavS/Blinkist App/blinkist/src/components/atoms/Avatar/Avatar.stories.tsx","statementMap":{"0":{"start":{"line":12,"column":23},"end":{"line":12,"column":74}},"1":{"start":{"line":12,"column":29},"end":{"line":12,"column":74}}},"fnMap":{"0":{"name":"(anonymous_0)","decl":{"start":{"line":12,"column":23},"end":{"line":12,"column":24}},"loc":{"start":{"line":12,"column":29},"end":{"line":12,"column":74}},"line":12}},"branchMap":{},"s":{"0":0,"1":0},"f":{"0":0},"b":{}}
,"/home/bhavS/Blinkist App/blinkist/src/components/atoms/Avatar/Avatar.tsx": {"path":"/home/bhavS/Blinkist App/blinkist/src/components/atoms/Avatar/Avatar.tsx","statementMap":{"0":{"start":{"line":6,"column":31},"end":{"line":12,"column":1}},"1":{"start":{"line":7,"column":4},"end":{"line":11,"column":5}}},"fnMap":{"0":{"name":"(anonymous_0)","decl":{"start":{"line":6,"column":31},"end":{"line":6,"column":32}},"loc":{"start":{"line":6,"column":55},"end":{"line":12,"column":1}},"line":6}},"branchMap":{},"s":{"0":3,"1":4},"f":{"0":4},"b":{},"_coverageSchema":"1a1c01bbd47fc00a2c39e90264f33305004495a9","hash":"eae9fc282ef89a866c1a5c37929b2eda766e818a"}
,"/home/bhavS/Blinkist App/blinkist/src/components/atoms/Icons/Icons.stories.tsx": {"path":"/home/bhavS/Blinkist App/blinkist/src/components/atoms/Icons/Icons.stories.tsx","statementMap":{"0":{"start":{"line":12,"column":23},"end":{"line":12,"column":146}},"1":{"start":{"line":12,"column":29},"end":{"line":12,"column":146}}},"fnMap":{"0":{"name":"(anonymous_0)","decl":{"start":{"line":12,"column":23},"end":{"line":12,"column":24}},"loc":{"start":{"line":12,"column":29},"end":{"line":12,"column":146}},"line":12}},"branchMap":{},"s":{"0":0,"1":0},"f":{"0":0},"b":{}}
,"/home/bhavS/Blinkist App/blinkist/src/components/atoms/Icons/Icons.tsx": {"path":"/home/bhavS/Blinkist App/blinkist/src/components/atoms/Icons/Icons.tsx","statementMap":{"0":{"start":{"line":8,"column":29},"end":{"line":17,"column":1}},"1":{"start":{"line":9,"column":4},"end":{"line":16,"column":5}}},"fnMap":{"0":{"name":"(anonymous_0)","decl":{"start":{"line":8,"column":29},"end":{"line":8,"column":30}},"loc":{"start":{"line":8,"column":51},"end":{"line":17,"column":1}},"line":8}},"branchMap":{},"s":{"0":7,"1":46},"f":{"0":46},"b":{},"_coverageSchema":"1a1c01bbd47fc00a2c39e90264f33305004495a9","hash":"6ee8563210a0c51b7040bae14ec506b6787e5c80"}
,"/home/bhavS/Blinkist App/blinkist/src/components/atoms/Images/Image.stories.tsx": {"path":"/home/bhavS/Blinkist App/blinkist/src/components/atoms/Images/Image.stories.tsx","statementMap":{"0":{"start":{"line":11,"column":23},"end":{"line":11,"column":101}},"1":{"start":{"line":11,"column":29},"end":{"line":11,"column":101}}},"fnMap":{"0":{"name":"(anonymous_0)","decl":{"start":{"line":11,"column":23},"end":{"line":11,"column":24}},"loc":{"start":{"line":11,"column":29},"end":{"line":11,"column":101}},"line":11}},"branchMap":{},"s":{"0":0,"1":0},"f":{"0":0},"b":{}}
,"/home/bhavS/Blinkist App/blinkist/src/components/atoms/Images/Image.tsx": {"path":"/home/bhavS/Blinkist App/blinkist/src/components/atoms/Images/Image.tsx","statementMap":{"0":{"start":{"line":6,"column":30},"end":{"line":14,"column":1}},"1":{"start":{"line":7,"column":4},"end":{"line":13,"column":5}}},"fnMap":{"0":{"name":"(anonymous_0)","decl":{"start":{"line":6,"column":30},"end":{"line":6,"column":31}},"loc":{"start":{"line":6,"column":53},"end":{"line":14,"column":1}},"line":6}},"branchMap":{},"s":{"0":2,"1":2},"f":{"0":2},"b":{},"_coverageSchema":"1a1c01bbd47fc00a2c39e90264f33305004495a9","hash":"9775ef4eeb6b524ebe1ad3a65534ac4cb0494309"}
,"/home/bhavS/Blinkist App/blinkist/src/components/atoms/Input/Input.stories.tsx": {"path":"/home/bhavS/Blinkist App/blinkist/src/components/atoms/Input/Input.stories.tsx","statementMap":{"0":{"start":{"line":11,"column":21},"end":{"line":11,"column":120}},"1":{"start":{"line":11,"column":27},"end":{"line":11,"column":120}},"2":{"start":{"line":12,"column":22},"end":{"line":12,"column":121}},"3":{"start":{"line":12,"column":28},"end":{"line":12,"column":121}},"4":{"start":{"line":13,"column":21},"end":{"line":13,"column":120}},"5":{"start":{"line":13,"column":27},"end":{"line":13,"column":120}}},"fnMap":{"0":{"name":"(anonymous_0)","decl":{"start":{"line":11,"column":21},"end":{"line":11,"column":22}},"loc":{"start":{"line":11,"column":27},"end":{"line":11,"column":120}},"line":11},"1":{"name":"(anonymous_1)","decl":{"start":{"line":12,"column":22},"end":{"line":12,"column":23}},"loc":{"start":{"line":12,"column":28},"end":{"line":12,"column":121}},"line":12},"2":{"name":"(anonymous_2)","decl":{"start":{"line":13,"column":21},"end":{"line":13,"column":22}},"loc":{"start":{"line":13,"column":27},"end":{"line":13,"column":120}},"line":13}},"branchMap":{},"s":{"0":0,"1":0,"2":0,"3":0,"4":0,"5":0},"f":{"0":0,"1":0,"2":0},"b":{}}
,"/home/bhavS/Blinkist App/blinkist/src/components/atoms/Input/Input.tsx": {"path":"/home/bhavS/Blinkist App/blinkist/src/components/atoms/Input/Input.tsx","statementMap":{"0":{"start":{"line":6,"column":20},"end":{"line":26,"column":3}},"1":{"start":{"line":6,"column":45},"end":{"line":26,"column":1}},"2":{"start":{"line":33,"column":24},"end":{"line":40,"column":1}},"3":{"start":{"line":34,"column":4},"end":{"line":39,"column":5}}},"fnMap":{"0":{"name":"(anonymous_0)","decl":{"start":{"line":6,"column":38},"end":{"line":6,"column":39}},"loc":{"start":{"line":6,"column":45},"end":{"line":26,"column":1}},"line":6},"1":{"name":"(anonymous_1)","decl":{"start":{"line":33,"column":24},"end":{"line":33,"column":25}},"loc":{"start":{"line":33,"column":53},"end":{"line":40,"column":1}},"line":33}},"branchMap":{},"s":{"0":2,"1":2,"2":2,"3":2},"f":{"0":2,"1":2},"b":{},"_coverageSchema":"1a1c01bbd47fc00a2c39e90264f33305004495a9","hash":"60630b7122683633bb79440ad16b4d12f9213199"}
,"/home/bhavS/Blinkist App/blinkist/src/components/atoms/Logo/Logo.stories.tsx": {"path":"/home/bhavS/Blinkist App/blinkist/src/components/atoms/Logo/Logo.stories.tsx","statementMap":{"0":{"start":{"line":9,"column":23},"end":{"line":9,"column":88}},"1":{"start":{"line":9,"column":29},"end":{"line":9,"column":88}}},"fnMap":{"0":{"name":"(anonymous_0)","decl":{"start":{"line":9,"column":23},"end":{"line":9,"column":24}},"loc":{"start":{"line":9,"column":29},"end":{"line":9,"column":88}},"line":9}},"branchMap":{},"s":{"0":0,"1":0},"f":{"0":0},"b":{}}
,"/home/bhavS/Blinkist App/blinkist/src/components/atoms/Logo/Logo.tsx": {"path":"/home/bhavS/Blinkist App/blinkist/src/components/atoms/Logo/Logo.tsx","statementMap":{"0":{"start":{"line":8,"column":29},"end":{"line":17,"column":1}},"1":{"start":{"line":9,"column":4},"end":{"line":16,"column":5}}},"fnMap":{"0":{"name":"(anonymous_0)","decl":{"start":{"line":8,"column":29},"end":{"line":8,"column":30}},"loc":{"start":{"line":8,"column":51},"end":{"line":17,"column":1}},"line":8}},"branchMap":{},"s":{"0":4,"1":6},"f":{"0":6},"b":{},"_coverageSchema":"1a1c01bbd47fc00a2c39e90264f33305004495a9","hash":"e6afb145783adb207d3f35185ddafd0736135d2d"}
,"/home/bhavS/Blinkist App/blinkist/src/components/atoms/ProgressBar/ProgressBar.stories.tsx": {"path":"/home/bhavS/Blinkist App/blinkist/src/components/atoms/ProgressBar/ProgressBar.stories.tsx","statementMap":{"0":{"start":{"line":10,"column":26},"end":{"line":10,"column":56}},"1":{"start":{"line":10,"column":32},"end":{"line":10,"column":56}},"2":{"start":{"line":11,"column":28},"end":{"line":11,"column":59}},"3":{"start":{"line":11,"column":34},"end":{"line":11,"column":59}},"4":{"start":{"line":12,"column":28},"end":{"line":12,"column":60}},"5":{"start":{"line":12,"column":34},"end":{"line":12,"column":60}}},"fnMap":{"0":{"name":"(anonymous_0)","decl":{"start":{"line":10,"column":26},"end":{"line":10,"column":27}},"loc":{"start":{"line":10,"column":32},"end":{"line":10,"column":56}},"line":10},"1":{"name":"(anonymous_1)","decl":{"start":{"line":11,"column":28},"end":{"line":11,"column":29}},"loc":{"start":{"line":11,"column":34},"end":{"line":11,"column":59}},"line":11},"2":{"name":"(anonymous_2)","decl":{"start":{"line":12,"column":28},"end":{"line":12,"column":29}},"loc":{"start":{"line":12,"column":34},"end":{"line":12,"column":60}},"line":12}},"branchMap":{},"s":{"0":0,"1":0,"2":0,"3":0,"4":0,"5":0},"f":{"0":0,"1":0,"2":0},"b":{}}
,"/home/bhavS/Blinkist App/blinkist/src/components/atoms/ProgressBar/ProgressBar.tsx": {"path":"/home/bhavS/Blinkist App/blinkist/src/components/atoms/ProgressBar/ProgressBar.tsx","statementMap":{"0":{"start":{"line":3,"column":17},"end":{"line":9,"column":1}},"1":{"start":{"line":15,"column":27},"end":{"line":22,"column":1}},"2":{"start":{"line":16,"column":4},"end":{"line":21,"column":5}}},"fnMap":{"0":{"name":"(anonymous_0)","decl":{"start":{"line":15,"column":27},"end":{"line":15,"column":28}},"loc":{"start":{"line":15,"column":56},"end":{"line":22,"column":1}},"line":15}},"branchMap":{},"s":{"0":3,"1":3,"2":1},"f":{"0":1},"b":{},"_coverageSchema":"1a1c01bbd47fc00a2c39e90264f33305004495a9","hash":"cedaf1d957292deac2b3f123b12d4a816429274d"}
,"/home/bhavS/Blinkist App/blinkist/src/components/atoms/Typography/Typography.stories.tsx": {"path":"/home/bhavS/Blinkist App/blinkist/src/components/atoms/Typography/Typography.stories.tsx","statementMap":{"0":{"start":{"line":11,"column":21},"end":{"line":11,"column":137}},"1":{"start":{"line":11,"column":27},"end":{"line":11,"column":137}},"2":{"start":{"line":12,"column":22},"end":{"line":12,"column":128}},"3":{"start":{"line":12,"column":28},"end":{"line":12,"column":128}},"4":{"start":{"line":13,"column":21},"end":{"line":13,"column":146}},"5":{"start":{"line":13,"column":27},"end":{"line":13,"column":146}}},"fnMap":{"0":{"name":"(anonymous_0)","decl":{"start":{"line":11,"column":21},"end":{"line":11,"column":22}},"loc":{"start":{"line":11,"column":27},"end":{"line":11,"column":137}},"line":11},"1":{"name":"(anonymous_1)","decl":{"start":{"line":12,"column":22},"end":{"line":12,"column":23}},"loc":{"start":{"line":12,"column":28},"end":{"line":12,"column":128}},"line":12},"2":{"name":"(anonymous_2)","decl":{"start":{"line":13,"column":21},"end":{"line":13,"column":22}},"loc":{"start":{"line":13,"column":27},"end":{"line":13,"column":146}},"line":13}},"branchMap":{},"s":{"0":0,"1":0,"2":0,"3":0,"4":0,"5":0},"f":{"0":0,"1":0,"2":0},"b":{}}
,"/home/bhavS/Blinkist App/blinkist/src/components/atoms/Typography/Typography.tsx": {"path":"/home/bhavS/Blinkist App/blinkist/src/components/atoms/Typography/Typography.tsx","statementMap":{"0":{"start":{"line":6,"column":35},"end":{"line":15,"column":1}},"1":{"start":{"line":7,"column":4},"end":{"line":14,"column":5}}},"fnMap":{"0":{"name":"(anonymous_0)","decl":{"start":{"line":6,"column":35},"end":{"line":6,"column":36}},"loc":{"start":{"line":6,"column":51},"end":{"line":15,"column":1}},"line":6}},"branchMap":{},"s":{"0":9,"1":103},"f":{"0":103},"b":{},"_coverageSchema":"1a1c01bbd47fc00a2c39e90264f33305004495a9","hash":"d6cff3e9109c4e3b54770af33f4bac9324f6150a"}
,"/home/bhavS/Blinkist App/blinkist/src/components/molecules/Banner/Banner.stories.tsx": {"path":"/home/bhavS/Blinkist App/blinkist/src/components/molecules/Banner/Banner.stories.tsx","statementMap":{"0":{"start":{"line":11,"column":23},"end":{"line":11,"column":97}},"1":{"start":{"line":11,"column":29},"end":{"line":11,"column":97}}},"fnMap":{"0":{"name":"(anonymous_0)","decl":{"start":{"line":11,"column":23},"end":{"line":11,"column":24}},"loc":{"start":{"line":11,"column":29},"end":{"line":11,"column":97}},"line":11}},"branchMap":{},"s":{"0":0,"1":0},"f":{"0":0},"b":{}}
,"/home/bhavS/Blinkist App/blinkist/src/components/molecules/Banner/Banner.tsx": {"path":"/home/bhavS/Blinkist App/blinkist/src/components/molecules/Banner/Banner.tsx","statementMap":{"0":{"start":{"line":9,"column":22},"end":{"line":41,"column":1}},"1":{"start":{"line":11,"column":18},"end":{"line":11,"column":23}},"2":{"start":{"line":13,"column":4},"end":{"line":39,"column":5}}},"fnMap":{"0":{"name":"(anonymous_0)","decl":{"start":{"line":9,"column":22},"end":{"line":9,"column":23}},"loc":{"start":{"line":9,"column":46},"end":{"line":41,"column":1}},"line":9}},"branchMap":{},"s":{"0":1,"1":1,"2":1},"f":{"0":1},"b":{},"_coverageSchema":"1a1c01bbd47fc00a2c39e90264f33305004495a9","hash":"88e73b5b8492dea01a48d104d6431fa1dfbbc8d4"}
,"/home/bhavS/Blinkist App/blinkist/src/components/molecules/Button/Button.stories.tsx": {"path":"/home/bhavS/Blinkist App/blinkist/src/components/molecules/Button/Button.stories.tsx","statementMap":{"0":{"start":{"line":11,"column":23},"end":{"line":11,"column":159}},"1":{"start":{"line":11,"column":29},"end":{"line":11,"column":159}}},"fnMap":{"0":{"name":"(anonymous_0)","decl":{"start":{"line":11,"column":23},"end":{"line":11,"column":24}},"loc":{"start":{"line":11,"column":29},"end":{"line":11,"column":159}},"line":11}},"branchMap":{},"s":{"0":0,"1":0},"f":{"0":0},"b":{}}
,"/home/bhavS/Blinkist App/blinkist/src/components/molecules/Button/Button.tsx": {"path":"/home/bhavS/Blinkist App/blinkist/src/components/molecules/Button/Button.tsx","statementMap":{"0":{"start":{"line":10,"column":31},"end":{"line":18,"column":1}},"1":{"start":{"line":12,"column":41},"end":{"line":12,"column":46}},"2":{"start":{"line":13,"column":4},"end":{"line":17,"column":5}}},"fnMap":{"0":{"name":"(anonymous_0)","decl":{"start":{"line":10,"column":31},"end":{"line":10,"column":32}},"loc":{"start":{"line":10,"column":50},"end":{"line":18,"column":1}},"line":10}},"branchMap":{"0":{"loc":{"start":{"line":14,"column":45},"end":{"line":14,"column":87}},"type":"cond-expr","locations":[{"start":{"line":14,"column":52},"end":{"line":14,"column":82}},{"start":{"line":14,"column":85},"end":{"line":14,"column":87}}],"line":14}},"s":{"0":0,"1":0,"2":0},"f":{"0":0},"b":{"0":[0,0]}}
,"/home/bhavS/Blinkist App/blinkist/src/components/molecules/ExtendedNav/ExtendedNav.stories.tsx": {"path":"/home/bhavS/Blinkist App/blinkist/src/components/molecules/ExtendedNav/ExtendedNav.stories.tsx","statementMap":{"0":{"start":{"line":13,"column":23},"end":{"line":15,"column":9}},"1":{"start":{"line":13,"column":29},"end":{"line":15,"column":9}}},"fnMap":{"0":{"name":"(anonymous_0)","decl":{"start":{"line":13,"column":23},"end":{"line":13,"column":24}},"loc":{"start":{"line":13,"column":29},"end":{"line":15,"column":9}},"line":13}},"branchMap":{},"s":{"0":0,"1":0},"f":{"0":0},"b":{}}
,"/home/bhavS/Blinkist App/blinkist/src/components/molecules/ExtendedNav/ExtendedNav.tsx": {"path":"/home/bhavS/Blinkist App/blinkist/src/components/molecules/ExtendedNav/ExtendedNav.tsx","statementMap":{"0":{"start":{"line":7,"column":13},"end":{"line":82,"column":1}},"1":{"start":{"line":84,"column":27},"end":{"line":118,"column":1}},"2":{"start":{"line":85,"column":4},"end":{"line":116,"column":5}},"3":{"start":{"line":104,"column":20},"end":{"line":110,"column":21}}},"fnMap":{"0":{"name":"(anonymous_0)","decl":{"start":{"line":84,"column":27},"end":{"line":84,"column":28}},"loc":{"start":{"line":84,"column":33},"end":{"line":118,"column":1}},"line":84},"1":{"name":"(anonymous_1)","decl":{"start":{"line":103,"column":25},"end":{"line":103,"column":26}},"loc":{"start":{"line":103,"column":35},"end":{"line":111,"column":17}},"line":103}},"branchMap":{},"s":{"0":3,"1":3,"2":4,"3":72},"f":{"0":4,"1":72},"b":{},"_coverageSchema":"1a1c01bbd47fc00a2c39e90264f33305004495a9","hash":"55e85002aa650e75327b60144624de1250c4c010"}
,"/home/bhavS/Blinkist App/blinkist/src/components/molecules/NavIcon/NavIcon.tsx": {"path":"/home/bhavS/Blinkist App/blinkist/src/components/molecules/NavIcon/NavIcon.tsx","statementMap":{"0":{"start":{"line":10,"column":32},"end":{"line":22,"column":1}},"1":{"start":{"line":11,"column":4},"end":{"line":20,"column":5}}},"fnMap":{"0":{"name":"(anonymous_0)","decl":{"start":{"line":10,"column":32},"end":{"line":10,"column":33}},"loc":{"start":{"line":10,"column":57},"end":{"line":22,"column":1}},"line":10}},"branchMap":{},"s":{"0":3,"1":36},"f":{"0":36},"b":{},"_coverageSchema":"1a1c01bbd47fc00a2c39e90264f33305004495a9","hash":"a3c972f9ca3aee5ea7414775730614c83d61fe02"}
,"/home/bhavS/Blinkist App/blinkist/src/components/molecules/NoOfReads/NoOfReads.stories.tsx": {"path":"/home/bhavS/Blinkist App/blinkist/src/components/molecules/NoOfReads/NoOfReads.stories.tsx","statementMap":{"0":{"start":{"line":12,"column":15},"end":{"line":15,"column":1}},"1":{"start":{"line":17,"column":51},"end":{"line":17,"column":84}},"2":{"start":{"line":17,"column":61},"end":{"line":17,"column":84}},"3":{"start":{"line":19,"column":23},"end":{"line":19,"column":40}},"4":{"start":{"line":21,"column":0},"end":{"line":24,"column":1}}},"fnMap":{"0":{"name":"(anonymous_0)","decl":{"start":{"line":17,"column":51},"end":{"line":17,"column":52}},"loc":{"start":{"line":17,"column":61},"end":{"line":17,"column":84}},"line":17}},"branchMap":{},"s":{"0":0,"1":0,"2":0,"3":0,"4":0},"f":{"0":0},"b":{}}
,"/home/bhavS/Blinkist App/blinkist/src/components/molecules/NoOfReads/NoOfReads.tsx": {"path":"/home/bhavS/Blinkist App/blinkist/src/components/molecules/NoOfReads/NoOfReads.tsx","statementMap":{"0":{"start":{"line":12,"column":25},"end":{"line":24,"column":1}},"1":{"start":{"line":13,"column":26},"end":{"line":13,"column":31}},"2":{"start":{"line":14,"column":4},"end":{"line":23,"column":5}}},"fnMap":{"0":{"name":"(anonymous_0)","decl":{"start":{"line":12,"column":25},"end":{"line":12,"column":26}},"loc":{"start":{"line":12,"column":52},"end":{"line":24,"column":1}},"line":12}},"branchMap":{},"s":{"0":3,"1":1,"2":1},"f":{"0":1},"b":{},"_coverageSchema":"1a1c01bbd47fc00a2c39e90264f33305004495a9","hash":"138d2e17a5e3298e4dbec6604250b7b723bd3139"}
,"/home/bhavS/Blinkist App/blinkist/src/components/molecules/SearchBar/SearchBar.stories.tsx": {"path":"/home/bhavS/Blinkist App/blinkist/src/components/molecules/SearchBar/SearchBar.stories.tsx","statementMap":{"0":{"start":{"line":11,"column":15},"end":{"line":14,"column":1}},"1":{"start":{"line":16,"column":51},"end":{"line":16,"column":74}},"2":{"start":{"line":16,"column":61},"end":{"line":16,"column":74}},"3":{"start":{"line":18,"column":23},"end":{"line":18,"column":40}}},"fnMap":{"0":{"name":"(anonymous_0)","decl":{"start":{"line":16,"column":51},"end":{"line":16,"column":52}},"loc":{"start":{"line":16,"column":61},"end":{"line":16,"column":74}},"line":16}},"branchMap":{},"s":{"0":0,"1":0,"2":0,"3":0},"f":{"0":0},"b":{}}
,"/home/bhavS/Blinkist App/blinkist/src/components/molecules/SearchBar/SearchBar.tsx": {"path":"/home/bhavS/Blinkist App/blinkist/src/components/molecules/SearchBar/SearchBar.tsx","statementMap":{"0":{"start":{"line":5,"column":20},"end":{"line":8,"column":1}},"1":{"start":{"line":10,"column":18},"end":{"line":15,"column":1}},"2":{"start":{"line":18,"column":25},"end":{"line":27,"column":1}},"3":{"start":{"line":19,"column":4},"end":{"line":26,"column":5}}},"fnMap":{"0":{"name":"(anonymous_0)","decl":{"start":{"line":18,"column":25},"end":{"line":18,"column":26}},"loc":{"start":{"line":18,"column":31},"end":{"line":27,"column":1}},"line":18}},"branchMap":{},"s":{"0":1,"1":1,"2":1,"3":1},"f":{"0":1},"b":{},"_coverageSchema":"1a1c01bbd47fc00a2c39e90264f33305004495a9","hash":"2bbbce7512c9615f4bc7d288514647ef81771c04"}
,"/home/bhavS/Blinkist App/blinkist/src/components/molecules/TimeToRead/TimeToRead.stories.tsx": {"path":"/home/bhavS/Blinkist App/blinkist/src/components/molecules/TimeToRead/TimeToRead.stories.tsx","statementMap":{"0":{"start":{"line":13,"column":15},"end":{"line":17,"column":1}},"1":{"start":{"line":19,"column":52},"end":{"line":19,"column":86}},"2":{"start":{"line":19,"column":62},"end":{"line":19,"column":86}},"3":{"start":{"line":21,"column":23},"end":{"line":21,"column":40}},"4":{"start":{"line":23,"column":0},"end":{"line":26,"column":1}}},"fnMap":{"0":{"name":"(anonymous_0)","decl":{"start":{"line":19,"column":52},"end":{"line":19,"column":53}},"loc":{"start":{"line":19,"column":62},"end":{"line":19,"column":86}},"line":19}},"branchMap":{},"s":{"0":0,"1":0,"2":0,"3":0,"4":0},"f":{"0":0},"b":{}}
,"/home/bhavS/Blinkist App/blinkist/src/components/molecules/TimeToRead/TimeToRead.tsx": {"path":"/home/bhavS/Blinkist App/blinkist/src/components/molecules/TimeToRead/TimeToRead.tsx","statementMap":{"0":{"start":{"line":12,"column":26},"end":{"line":24,"column":1}},"1":{"start":{"line":13,"column":26},"end":{"line":13,"column":31}},"2":{"start":{"line":14,"column":4},"end":{"line":23,"column":5}}},"fnMap":{"0":{"name":"(anonymous_0)","decl":{"start":{"line":12,"column":26},"end":{"line":12,"column":27}},"loc":{"start":{"line":12,"column":54},"end":{"line":24,"column":1}},"line":12}},"branchMap":{},"s":{"0":3,"1":5,"2":5},"f":{"0":5},"b":{},"_coverageSchema":"1a1c01bbd47fc00a2c39e90264f33305004495a9","hash":"d65de6b84e762f0c07891e4bb0f5b4d7628d15ed"}
,"/home/bhavS/Blinkist App/blinkist/src/components/organisms/Card/Card.stories.tsx": {"path":"/home/bhavS/Blinkist App/blinkist/src/components/organisms/Card/Card.stories.tsx","statementMap":{"0":{"start":{"line":10,"column":33},"end":{"line":10,"column":87}},"1":{"start":{"line":13,"column":55},"end":{"line":13,"column":92}},"2":{"start":{"line":13,"column":65},"end":{"line":13,"column":92}},"3":{"start":{"line":15,"column":28},"end":{"line":15,"column":45}},"4":{"start":{"line":17,"column":0},"end":{"line":26,"column":1}},"5":{"start":{"line":28,"column":32},"end":{"line":28,"column":49}},"6":{"start":{"line":30,"column":0},"end":{"line":39,"column":1}}},"fnMap":{"0":{"name":"(anonymous_0)","decl":{"start":{"line":10,"column":17},"end":{"line":10,"column":18}},"loc":{"start":{"line":10,"column":33},"end":{"line":10,"column":87}},"line":10},"1":{"name":"(anonymous_1)","decl":{"start":{"line":13,"column":55},"end":{"line":13,"column":56}},"loc":{"start":{"line":13,"column":65},"end":{"line":13,"column":92}},"line":13}},"branchMap":{},"s":{"0":0,"1":0,"2":0,"3":0,"4":0,"5":0,"6":0},"f":{"0":0,"1":0},"b":{}}
,"/home/bhavS/Blinkist App/blinkist/src/components/organisms/Card/Card.tsx": {"path":"/home/bhavS/Blinkist App/blinkist/src/components/organisms/Card/Card.tsx","statementMap":{"0":{"start":{"line":23,"column":27},"end":{"line":38,"column":2}},"1":{"start":{"line":40,"column":20},"end":{"line":47,"column":1}},"2":{"start":{"line":49,"column":23},"end":{"line":56,"column":1}},"3":{"start":{"line":59,"column":29},"end":{"line":174,"column":1}},"4":{"start":{"line":61,"column":81},"end":{"line":61,"column":86}},"5":{"start":{"line":63,"column":21},"end":{"line":118,"column":3}},"6":{"start":{"line":64,"column":4},"end":{"line":117,"column":5}},"7":{"start":{"line":66,"column":6},"end":{"line":89,"column":7}},"8":{"start":{"line":68,"column":8},"end":{"line":76,"column":9}},"9":{"start":{"line":78,"column":11},"end":{"line":89,"column":7}},"10":{"start":{"line":80,"column":8},"end":{"line":88,"column":9}},"11":{"start":{"line":91,"column":9},"end":{"line":117,"column":5}},"12":{"start":{"line":93,"column":6},"end":{"line":116,"column":7}},"13":{"start":{"line":95,"column":8},"end":{"line":101,"column":9}},"14":{"start":{"line":106,"column":8},"end":{"line":115,"column":9}},"15":{"start":{"line":119,"column":24},"end":{"line":128,"column":3}},"16":{"start":{"line":120,"column":4},"end":{"line":127,"column":5}},"17":{"start":{"line":122,"column":6},"end":{"line":126,"column":7}},"18":{"start":{"line":130,"column":4},"end":{"line":172,"column":5}}},"fnMap":{"0":{"name":"(anonymous_0)","decl":{"start":{"line":59,"column":29},"end":{"line":59,"column":30}},"loc":{"start":{"line":59,"column":69},"end":{"line":174,"column":1}},"line":59},"1":{"name":"(anonymous_1)","decl":{"start":{"line":63,"column":21},"end":{"line":63,"column":22}},"loc":{"start":{"line":63,"column":27},"end":{"line":118,"column":3}},"line":63},"2":{"name":"(anonymous_2)","decl":{"start":{"line":119,"column":24},"end":{"line":119,"column":25}},"loc":{"start":{"line":119,"column":30},"end":{"line":128,"column":3}},"line":119}},"branchMap":{"0":{"loc":{"start":{"line":64,"column":4},"end":{"line":117,"column":5}},"type":"if","locations":[{"start":{"line":64,"column":4},"end":{"line":117,"column":5}},{"start":{"line":91,"column":9},"end":{"line":117,"column":5}}],"line":64},"1":{"loc":{"start":{"line":66,"column":6},"end":{"line":89,"column":7}},"type":"if","locations":[{"start":{"line":66,"column":6},"end":{"line":89,"column":7}},{"start":{"line":78,"column":11},"end":{"line":89,"column":7}}],"line":66},"2":{"loc":{"start":{"line":78,"column":11},"end":{"line":89,"column":7}},"type":"if","locations":[{"start":{"line":78,"column":11},"end":{"line":89,"column":7}},{"start":{},"end":{}}],"line":78},"3":{"loc":{"start":{"line":91,"column":9},"end":{"line":117,"column":5}},"type":"if","locations":[{"start":{"line":91,"column":9},"end":{"line":117,"column":5}},{"start":{},"end":{}}],"line":91},"4":{"loc":{"start":{"line":93,"column":6},"end":{"line":116,"column":7}},"type":"if","locations":[{"start":{"line":93,"column":6},"end":{"line":116,"column":7}},{"start":{"line":105,"column":6},"end":{"line":116,"column":7}}],"line":93},"5":{"loc":{"start":{"line":120,"column":4},"end":{"line":127,"column":5}},"type":"if","locations":[{"start":{"line":120,"column":4},"end":{"line":127,"column":5}},{"start":{},"end":{}}],"line":120}},"s":{"0":2,"1":2,"2":2,"3":2,"4":4,"5":4,"6":4,"7":0,"8":0,"9":0,"10":0,"11":4,"12":4,"13":4,"14":0,"15":4,"16":4,"17":0,"18":4},"f":{"0":4,"1":4,"2":4},"b":{"0":[0,4],"1":[0,0],"2":[0,0],"3":[4,0],"4":[4,0],"5":[0,4]},"_coverageSchema":"1a1c01bbd47fc00a2c39e90264f33305004495a9","hash":"58e5a84d30694ec0edf9a398b36cd7b136e589b4"}
,"/home/bhavS/Blinkist App/blinkist/src/components/organisms/Footer/Footer.stories.tsx": {"path":"/home/bhavS/Blinkist App/blinkist/src/components/organisms/Footer/Footer.stories.tsx","statementMap":{"0":{"start":{"line":9,"column":33},"end":{"line":9,"column":87}},"1":{"start":{"line":12,"column":23},"end":{"line":12,"column":46}},"2":{"start":{"line":12,"column":29},"end":{"line":12,"column":46}}},"fnMap":{"0":{"name":"(anonymous_0)","decl":{"start":{"line":9,"column":17},"end":{"line":9,"column":18}},"loc":{"start":{"line":9,"column":33},"end":{"line":9,"column":87}},"line":9},"1":{"name":"(anonymous_1)","decl":{"start":{"line":12,"column":23},"end":{"line":12,"column":24}},"loc":{"start":{"line":12,"column":29},"end":{"line":12,"column":46}},"line":12}},"branchMap":{},"s":{"0":0,"1":0,"2":0},"f":{"0":0,"1":0},"b":{}}
,"/home/bhavS/Blinkist App/blinkist/src/components/organisms/Footer/Footer.tsx": {"path":"/home/bhavS/Blinkist App/blinkist/src/components/organisms/Footer/Footer.tsx","statementMap":{"0":{"start":{"line":6,"column":24},"end":{"line":8,"column":1}},"1":{"start":{"line":10,"column":23},"end":{"line":16,"column":1}},"2":{"start":{"line":18,"column":13},"end":{"line":48,"column":1}},"3":{"start":{"line":50,"column":22},"end":{"line":87,"column":1}},"4":{"start":{"line":51,"column":4},"end":{"line":86,"column":5}},"5":{"start":{"line":63,"column":24},"end":{"line":74,"column":21}},"6":{"start":{"line":68,"column":36},"end":{"line":70,"column":37}}},"fnMap":{"0":{"name":"(anonymous_0)","decl":{"start":{"line":50,"column":22},"end":{"line":50,"column":23}},"loc":{"start":{"line":50,"column":28},"end":{"line":87,"column":1}},"line":50},"1":{"name":"(anonymous_1)","decl":{"start":{"line":62,"column":29},"end":{"line":62,"column":30}},"loc":{"start":{"line":62,"column":46},"end":{"line":75,"column":17}},"line":62},"2":{"name":"(anonymous_2)","decl":{"start":{"line":67,"column":53},"end":{"line":67,"column":54}},"loc":{"start":{"line":67,"column":63},"end":{"line":71,"column":33}},"line":67}},"branchMap":{},"s":{"0":2,"1":2,"2":2,"3":2,"4":4,"5":12,"6":52},"f":{"0":4,"1":12,"2":52},"b":{},"_coverageSchema":"1a1c01bbd47fc00a2c39e90264f33305004495a9","hash":"15d1a263ab46fb36d30e927215e277f73b7edf3c"}
,"/home/bhavS/Blinkist App/blinkist/src/components/organisms/Header/Header.stories.tsx": {"path":"/home/bhavS/Blinkist App/blinkist/src/components/organisms/Header/Header.stories.tsx","statementMap":{"0":{"start":{"line":11,"column":33},"end":{"line":11,"column":87}},"1":{"start":{"line":14,"column":23},"end":{"line":16,"column":13}},"2":{"start":{"line":14,"column":29},"end":{"line":16,"column":13}}},"fnMap":{"0":{"name":"(anonymous_0)","decl":{"start":{"line":11,"column":17},"end":{"line":11,"column":18}},"loc":{"start":{"line":11,"column":33},"end":{"line":11,"column":87}},"line":11},"1":{"name":"(anonymous_1)","decl":{"start":{"line":14,"column":23},"end":{"line":14,"column":24}},"loc":{"start":{"line":14,"column":29},"end":{"line":16,"column":13}},"line":14}},"branchMap":{},"s":{"0":0,"1":0,"2":0},"f":{"0":0,"1":0},"b":{}}
,"/home/bhavS/Blinkist App/blinkist/src/components/organisms/Header/Header.tsx": {"path":"/home/bhavS/Blinkist App/blinkist/src/components/organisms/Header/Header.tsx","statementMap":{"0":{"start":{"line":17,"column":18},"end":{"line":22,"column":1}},"1":{"start":{"line":24,"column":18},"end":{"line":29,"column":1}},"2":{"start":{"line":31,"column":22},"end":{"line":43,"column":2}},"3":{"start":{"line":49,"column":22},"end":{"line":198,"column":1}},"4":{"start":{"line":51,"column":46},"end":{"line":51,"column":70}},"5":{"start":{"line":52,"column":36},"end":{"line":52,"column":70}},"6":{"start":{"line":53,"column":17},"end":{"line":53,"column":34}},"7":{"start":{"line":55,"column":40},"end":{"line":55,"column":64}},"8":{"start":{"line":56,"column":44},"end":{"line":56,"column":78}},"9":{"start":{"line":57,"column":21},"end":{"line":57,"column":42}},"10":{"start":{"line":59,"column":32},"end":{"line":59,"column":42}},"11":{"start":{"line":61,"column":24},"end":{"line":64,"column":3}},"12":{"start":{"line":62,"column":4},"end":{"line":62,"column":37}},"13":{"start":{"line":63,"column":4},"end":{"line":63,"column":27}},"14":{"start":{"line":65,"column":22},"end":{"line":68,"column":3}},"15":{"start":{"line":66,"column":4},"end":{"line":66,"column":22}},"16":{"start":{"line":67,"column":4},"end":{"line":67,"column":28}},"17":{"start":{"line":70,"column":26},"end":{"line":73,"column":3}},"18":{"start":{"line":71,"column":4},"end":{"line":71,"column":41}},"19":{"start":{"line":72,"column":4},"end":{"line":72,"column":24}},"20":{"start":{"line":75,"column":26},"end":{"line":78,"column":3}},"21":{"start":{"line":76,"column":4},"end":{"line":76,"column":26}},"22":{"start":{"line":77,"column":4},"end":{"line":77,"column":25}},"23":{"start":{"line":80,"column":4},"end":{"line":197,"column":5}},"24":{"start":{"line":113,"column":101},"end":{"line":113,"column":124}},"25":{"start":{"line":150,"column":109},"end":{"line":150,"column":132}}},"fnMap":{"0":{"name":"(anonymous_0)","decl":{"start":{"line":49,"column":22},"end":{"line":49,"column":23}},"loc":{"start":{"line":49,"column":46},"end":{"line":198,"column":1}},"line":49},"1":{"name":"(anonymous_1)","decl":{"start":{"line":61,"column":24},"end":{"line":61,"column":25}},"loc":{"start":{"line":61,"column":72},"end":{"line":64,"column":3}},"line":61},"2":{"name":"(anonymous_2)","decl":{"start":{"line":65,"column":22},"end":{"line":65,"column":23}},"loc":{"start":{"line":65,"column":28},"end":{"line":68,"column":3}},"line":65},"3":{"name":"(anonymous_3)","decl":{"start":{"line":70,"column":26},"end":{"line":70,"column":27}},"loc":{"start":{"line":70,"column":74},"end":{"line":73,"column":3}},"line":70},"4":{"name":"(anonymous_4)","decl":{"start":{"line":75,"column":26},"end":{"line":75,"column":27}},"loc":{"start":{"line":75,"column":32},"end":{"line":78,"column":3}},"line":75},"5":{"name":"(anonymous_5)","decl":{"start":{"line":113,"column":90},"end":{"line":113,"column":91}},"loc":{"start":{"line":113,"column":101},"end":{"line":113,"column":124}},"line":113},"6":{"name":"(anonymous_6)","decl":{"start":{"line":150,"column":98},"end":{"line":150,"column":99}},"loc":{"start":{"line":150,"column":109},"end":{"line":150,"column":132}},"line":150}},"branchMap":{"0":{"loc":{"start":{"line":89,"column":59},"end":{"line":89,"column":136}},"type":"cond-expr","locations":[{"start":{"line":89,"column":75},"end":{"line":89,"column":103}},{"start":{"line":89,"column":106},"end":{"line":89,"column":136}}],"line":89},"1":{"loc":{"start":{"line":91,"column":35},"end":{"line":91,"column":71}},"type":"cond-expr","locations":[{"start":{"line":91,"column":42},"end":{"line":91,"column":59}},{"start":{"line":91,"column":62},"end":{"line":91,"column":71}}],"line":91},"2":{"loc":{"start":{"line":93,"column":35},"end":{"line":93,"column":60}},"type":"cond-expr","locations":[{"start":{"line":93,"column":42},"end":{"line":93,"column":48}},{"start":{"line":93,"column":51},"end":{"line":93,"column":60}}],"line":93},"3":{"loc":{"start":{"line":106,"column":35},"end":{"line":106,"column":69}},"type":"cond-expr","locations":[{"start":{"line":106,"column":46},"end":{"line":106,"column":57}},{"start":{"line":106,"column":60},"end":{"line":106,"column":69}}],"line":106},"4":{"loc":{"start":{"line":108,"column":35},"end":{"line":108,"column":64}},"type":"cond-expr","locations":[{"start":{"line":108,"column":46},"end":{"line":108,"column":52}},{"start":{"line":108,"column":55},"end":{"line":108,"column":64}}],"line":108},"5":{"loc":{"start":{"line":179,"column":28},"end":{"line":187,"column":39}},"type":"cond-expr","locations":[{"start":{"line":181,"column":28},"end":{"line":183,"column":39}},{"start":{"line":185,"column":28},"end":{"line":187,"column":39}}],"line":179}},"s":{"0":2,"1":2,"2":2,"3":2,"4":4,"5":3,"6":3,"7":3,"8":3,"9":3,"10":3,"11":3,"12":1,"13":1,"14":3,"15":0,"16":0,"17":3,"18":0,"19":0,"20":3,"21":0,"22":0,"23":3,"24":4,"25":3},"f":{"0":4,"1":1,"2":0,"3":0,"4":0,"5":4,"6":3},"b":{"0":[1,2],"1":[1,2],"2":[1,2],"3":[0,3],"4":[0,3],"5":[0,3]},"_coverageSchema":"1a1c01bbd47fc00a2c39e90264f33305004495a9","hash":"eafc145c1afe12cde7707f5bf23008fdf370b151"}
,"/home/bhavS/Blinkist App/blinkist/src/components/organisms/Tab/TabPanel.stories.tsx": {"path":"/home/bhavS/Blinkist App/blinkist/src/components/organisms/Tab/TabPanel.stories.tsx","statementMap":{"0":{"start":{"line":11,"column":33},"end":{"line":11,"column":87}},"1":{"start":{"line":14,"column":59},"end":{"line":14,"column":100}},"2":{"start":{"line":14,"column":69},"end":{"line":14,"column":100}},"3":{"start":{"line":16,"column":24},"end":{"line":19,"column":1}},"4":{"start":{"line":21,"column":28},"end":{"line":23,"column":1}},"5":{"start":{"line":25,"column":20},"end":{"line":38,"column":1}},"6":{"start":{"line":40,"column":16},"end":{"line":49,"column":1}},"7":{"start":{"line":51,"column":23},"end":{"line":56,"column":1}},"8":{"start":{"line":52,"column":44},"end":{"line":52,"column":70}},"9":{"start":{"line":53,"column":24},"end":{"line":55,"column":5}},"10":{"start":{"line":54,"column":8},"end":{"line":54,"column":31}},"11":{"start":{"line":59,"column":25},"end":{"line":59,"column":42}},"12":{"start":{"line":60,"column":0},"end":{"line":64,"column":1}},"13":{"start":{"line":66,"column":29},"end":{"line":66,"column":46}},"14":{"start":{"line":67,"column":0},"end":{"line":70,"column":1}}},"fnMap":{"0":{"name":"(anonymous_0)","decl":{"start":{"line":11,"column":17},"end":{"line":11,"column":18}},"loc":{"start":{"line":11,"column":33},"end":{"line":11,"column":87}},"line":11},"1":{"name":"(anonymous_1)","decl":{"start":{"line":14,"column":59},"end":{"line":14,"column":60}},"loc":{"start":{"line":14,"column":69},"end":{"line":14,"column":100}},"line":14},"2":{"name":"(anonymous_2)","decl":{"start":{"line":51,"column":23},"end":{"line":51,"column":24}},"loc":{"start":{"line":51,"column":29},"end":{"line":56,"column":1}},"line":51},"3":{"name":"(anonymous_3)","decl":{"start":{"line":53,"column":24},"end":{"line":53,"column":25}},"loc":{"start":{"line":53,"column":42},"end":{"line":55,"column":5}},"line":53}},"branchMap":{},"s":{"0":0,"1":0,"2":0,"3":0,"4":0,"5":0,"6":0,"7":0,"8":0,"9":0,"10":0,"11":0,"12":0,"13":0,"14":0},"f":{"0":0,"1":0,"2":0,"3":0},"b":{}}
,"/home/bhavS/Blinkist App/blinkist/src/components/organisms/Tab/TabPanel.tsx": {"path":"/home/bhavS/Blinkist App/blinkist/src/components/organisms/Tab/TabPanel.tsx","statementMap":{"0":{"start":{"line":6,"column":22},"end":{"line":9,"column":2}},"1":{"start":{"line":11,"column":22},"end":{"line":18,"column":2}},"2":{"start":{"line":20,"column":22},"end":{"line":30,"column":2}},"3":{"start":{"line":42,"column":33},"end":{"line":94,"column":1}},"4":{"start":{"line":44,"column":43},"end":{"line":44,"column":48}},"5":{"start":{"line":46,"column":30},"end":{"line":46,"column":67}},"6":{"start":{"line":47,"column":25},"end":{"line":50,"column":5}},"7":{"start":{"line":48,"column":8},"end":{"line":48,"column":27}},"8":{"start":{"line":49,"column":8},"end":{"line":49,"column":31}},"9":{"start":{"line":52,"column":16},"end":{"line":52,"column":17}},"10":{"start":{"line":54,"column":23},"end":{"line":76,"column":5}},"11":{"start":{"line":55,"column":8},"end":{"line":75,"column":9}},"12":{"start":{"line":57,"column":12},"end":{"line":63,"column":13}},"13":{"start":{"line":59,"column":20},"end":{"line":61,"column":21}},"14":{"start":{"line":68,"column":12},"end":{"line":74,"column":13}},"15":{"start":{"line":70,"column":20},"end":{"line":72,"column":21}},"16":{"start":{"line":78,"column":4},"end":{"line":93,"column":5}}},"fnMap":{"0":{"name":"(anonymous_0)","decl":{"start":{"line":42,"column":33},"end":{"line":42,"column":34}},"loc":{"start":{"line":42,"column":55},"end":{"line":94,"column":1}},"line":42},"1":{"name":"(anonymous_1)","decl":{"start":{"line":47,"column":25},"end":{"line":47,"column":26}},"loc":{"start":{"line":47,"column":76},"end":{"line":50,"column":5}},"line":47},"2":{"name":"(anonymous_2)","decl":{"start":{"line":54,"column":23},"end":{"line":54,"column":24}},"loc":{"start":{"line":54,"column":29},"end":{"line":76,"column":5}},"line":54},"3":{"name":"(anonymous_3)","decl":{"start":{"line":58,"column":28},"end":{"line":58,"column":29}},"loc":{"start":{"line":58,"column":43},"end":{"line":62,"column":17}},"line":58},"4":{"name":"(anonymous_4)","decl":{"start":{"line":69,"column":28},"end":{"line":69,"column":29}},"loc":{"start":{"line":69,"column":43},"end":{"line":73,"column":17}},"line":69}},"branchMap":{"0":{"loc":{"start":{"line":46,"column":39},"end":{"line":46,"column":66}},"type":"binary-expr","locations":[{"start":{"line":46,"column":39},"end":{"line":46,"column":46}},{"start":{"line":46,"column":50},"end":{"line":46,"column":66}}],"line":46},"1":{"loc":{"start":{"line":55,"column":8},"end":{"line":75,"column":9}},"type":"if","locations":[{"start":{"line":55,"column":8},"end":{"line":75,"column":9}},{"start":{"line":67,"column":8},"end":{"line":75,"column":9}}],"line":55},"2":{"loc":{"start":{"line":83,"column":108},"end":{"line":83,"column":135}},"type":"binary-expr","locations":[{"start":{"line":83,"column":108},"end":{"line":83,"column":115}},{"start":{"line":83,"column":119},"end":{"line":83,"column":135}}],"line":83}},"s":{"0":2,"1":2,"2":2,"3":2,"4":5,"5":3,"6":3,"7":1,"8":1,"9":3,"10":3,"11":3,"12":3,"13":6,"14":0,"15":0,"16":3},"f":{"0":5,"1":1,"2":3,"3":6,"4":0},"b":{"0":[3,3],"1":[3,0],"2":[3,3]},"_coverageSchema":"1a1c01bbd47fc00a2c39e90264f33305004495a9","hash":"8490d08ae9d8806b8c8da9ad5c9beac1c82a1fef"}
,"/home/bhavS/Blinkist App/blinkist/src/components/pages/BookDetailsViewPage/BookDetailsViewPage.tsx": {"path":"/home/bhavS/Blinkist App/blinkist/src/components/pages/BookDetailsViewPage/BookDetailsViewPage.tsx","statementMap":{"0":{"start":{"line":13,"column":14},"end":{"line":13,"column":30}},"1":{"start":{"line":15,"column":26},"end":{"line":21,"column":2}},"2":{"start":{"line":23,"column":29},"end":{"line":31,"column":2}},"3":{"start":{"line":33,"column":21},"end":{"line":38,"column":2}},"4":{"start":{"line":40,"column":13},"end":{"line":40,"column":390}},"5":{"start":{"line":42,"column":16},"end":{"line":55,"column":1}},"6":{"start":{"line":57,"column":35},"end":{"line":145,"column":1}},"7":{"start":{"line":58,"column":19},"end":{"line":58,"column":32}},"8":{"start":{"line":59,"column":23},"end":{"line":59,"column":34}},"9":{"start":{"line":60,"column":28},"end":{"line":60,"column":45}},"10":{"start":{"line":62,"column":44},"end":{"line":62,"column":70}},"11":{"start":{"line":63,"column":25},"end":{"line":65,"column":6}},"12":{"start":{"line":64,"column":9},"end":{"line":64,"column":32}},"13":{"start":{"line":68,"column":4},"end":{"line":72,"column":10}},"14":{"start":{"line":69,"column":8},"end":{"line":71,"column":36}},"15":{"start":{"line":70,"column":21},"end":{"line":70,"column":31}},"16":{"start":{"line":71,"column":22},"end":{"line":71,"column":35}},"17":{"start":{"line":74,"column":40},"end":{"line":74,"column":73}},"18":{"start":{"line":76,"column":28},"end":{"line":87,"column":5}},"19":{"start":{"line":77,"column":8},"end":{"line":84,"column":9}},"20":{"start":{"line":79,"column":12},"end":{"line":79,"column":50}},"21":{"start":{"line":80,"column":12},"end":{"line":80,"column":29}},"22":{"start":{"line":81,"column":24},"end":{"line":81,"column":86}},"23":{"start":{"line":83,"column":12},"end":{"line":83,"column":29}},"24":{"start":{"line":86,"column":8},"end":{"line":86,"column":22}},"25":{"start":{"line":89,"column":32},"end":{"line":100,"column":5}},"26":{"start":{"line":90,"column":8},"end":{"line":97,"column":9}},"27":{"start":{"line":92,"column":12},"end":{"line":92,"column":41}},"28":{"start":{"line":93,"column":12},"end":{"line":93,"column":32}},"29":{"start":{"line":94,"column":24},"end":{"line":94,"column":86}},"30":{"start":{"line":96,"column":12},"end":{"line":96,"column":29}},"31":{"start":{"line":98,"column":8},"end":{"line":98,"column":52}},"32":{"start":{"line":102,"column":4},"end":{"line":144,"column":5}}},"fnMap":{"0":{"name":"(anonymous_0)","decl":{"start":{"line":57,"column":35},"end":{"line":57,"column":36}},"loc":{"start":{"line":57,"column":41},"end":{"line":145,"column":1}},"line":57},"1":{"name":"(anonymous_1)","decl":{"start":{"line":63,"column":25},"end":{"line":63,"column":26}},"loc":{"start":{"line":63,"column":43},"end":{"line":65,"column":6}},"line":63},"2":{"name":"(anonymous_2)","decl":{"start":{"line":68,"column":14},"end":{"line":68,"column":15}},"loc":{"start":{"line":68,"column":20},"end":{"line":72,"column":5}},"line":68},"3":{"name":"(anonymous_3)","decl":{"start":{"line":70,"column":14},"end":{"line":70,"column":15}},"loc":{"start":{"line":70,"column":21},"end":{"line":70,"column":31}},"line":70},"4":{"name":"(anonymous_4)","decl":{"start":{"line":71,"column":14},"end":{"line":71,"column":15}},"loc":{"start":{"line":71,"column":22},"end":{"line":71,"column":35}},"line":71},"5":{"name":"(anonymous_5)","decl":{"start":{"line":76,"column":28},"end":{"line":76,"column":29}},"loc":{"start":{"line":76,"column":40},"end":{"line":87,"column":5}},"line":76},"6":{"name":"(anonymous_6)","decl":{"start":{"line":89,"column":32},"end":{"line":89,"column":33}},"loc":{"start":{"line":89,"column":44},"end":{"line":100,"column":5}},"line":89}},"branchMap":{"0":{"loc":{"start":{"line":77,"column":8},"end":{"line":84,"column":9}},"type":"if","locations":[{"start":{"line":77,"column":8},"end":{"line":84,"column":9}},{"start":{},"end":{}}],"line":77},"1":{"loc":{"start":{"line":90,"column":8},"end":{"line":97,"column":9}},"type":"if","locations":[{"start":{"line":90,"column":8},"end":{"line":97,"column":9}},{"start":{},"end":{}}],"line":90}},"s":{"0":0,"1":0,"2":0,"3":0,"4":0,"5":0,"6":0,"7":0,"8":0,"9":0,"10":0,"11":0,"12":0,"13":0,"14":0,"15":0,"16":0,"17":0,"18":0,"19":0,"20":0,"21":0,"22":0,"23":0,"24":0,"25":0,"26":0,"27":0,"28":0,"29":0,"30":0,"31":0,"32":0},"f":{"0":0,"1":0,"2":0,"3":0,"4":0,"5":0,"6":0},"b":{"0":[0,0],"1":[0,0]}}
,"/home/bhavS/Blinkist App/blinkist/src/components/pages/EntrepreneurshipPage/EntrepreneurshipPage.tsx": {"path":"/home/bhavS/Blinkist App/blinkist/src/components/pages/EntrepreneurshipPage/EntrepreneurshipPage.tsx","statementMap":{"0":{"start":{"line":13,"column":35},"end":{"line":107,"column":1}},"1":{"start":{"line":14,"column":30},"end":{"line":14,"column":47}},"2":{"start":{"line":16,"column":4},"end":{"line":20,"column":9}},"3":{"start":{"line":17,"column":8},"end":{"line":19,"column":37}},"4":{"start":{"line":18,"column":21},"end":{"line":18,"column":31}},"5":{"start":{"line":19,"column":22},"end":{"line":19,"column":36}},"6":{"start":{"line":22,"column":27},"end":{"line":39,"column":5}},"7":{"start":{"line":23,"column":8},"end":{"line":38,"column":9}},"8":{"start":{"line":25,"column":16},"end":{"line":36,"column":17}},"9":{"start":{"line":27,"column":20},"end":{"line":34,"column":21}},"10":{"start":{"line":41,"column":22},"end":{"line":59,"column":5}},"11":{"start":{"line":42,"column":8},"end":{"line":57,"column":9}},"12":{"start":{"line":44,"column":16},"end":{"line":55,"column":17}},"13":{"start":{"line":46,"column":20},"end":{"line":53,"column":21}},"14":{"start":{"line":61,"column":21},"end":{"line":78,"column":5}},"15":{"start":{"line":62,"column":8},"end":{"line":77,"column":9}},"16":{"start":{"line":64,"column":16},"end":{"line":75,"column":17}},"17":{"start":{"line":66,"column":20},"end":{"line":73,"column":21}},"18":{"start":{"line":80,"column":4},"end":{"line":106,"column":5}}},"fnMap":{"0":{"name":"(anonymous_0)","decl":{"start":{"line":13,"column":35},"end":{"line":13,"column":36}},"loc":{"start":{"line":13,"column":41},"end":{"line":107,"column":1}},"line":13},"1":{"name":"(anonymous_1)","decl":{"start":{"line":16,"column":14},"end":{"line":16,"column":15}},"loc":{"start":{"line":16,"column":20},"end":{"line":20,"column":5}},"line":16},"2":{"name":"(anonymous_2)","decl":{"start":{"line":18,"column":14},"end":{"line":18,"column":15}},"loc":{"start":{"line":18,"column":21},"end":{"line":18,"column":31}},"line":18},"3":{"name":"(anonymous_3)","decl":{"start":{"line":19,"column":14},"end":{"line":19,"column":15}},"loc":{"start":{"line":19,"column":22},"end":{"line":19,"column":36}},"line":19},"4":{"name":"(anonymous_4)","decl":{"start":{"line":22,"column":27},"end":{"line":22,"column":28}},"loc":{"start":{"line":22,"column":33},"end":{"line":39,"column":5}},"line":22},"5":{"name":"(anonymous_5)","decl":{"start":{"line":24,"column":22},"end":{"line":24,"column":23}},"loc":{"start":{"line":24,"column":37},"end":{"line":37,"column":13}},"line":24},"6":{"name":"(anonymous_6)","decl":{"start":{"line":41,"column":22},"end":{"line":41,"column":23}},"loc":{"start":{"line":41,"column":28},"end":{"line":59,"column":5}},"line":41},"7":{"name":"(anonymous_7)","decl":{"start":{"line":43,"column":22},"end":{"line":43,"column":23}},"loc":{"start":{"line":43,"column":37},"end":{"line":56,"column":13}},"line":43},"8":{"name":"(anonymous_8)","decl":{"start":{"line":61,"column":21},"end":{"line":61,"column":22}},"loc":{"start":{"line":61,"column":27},"end":{"line":78,"column":5}},"line":61},"9":{"name":"(anonymous_9)","decl":{"start":{"line":63,"column":22},"end":{"line":63,"column":23}},"loc":{"start":{"line":63,"column":37},"end":{"line":76,"column":13}},"line":63}},"branchMap":{"0":{"loc":{"start":{"line":25,"column":16},"end":{"line":36,"column":17}},"type":"if","locations":[{"start":{"line":25,"column":16},"end":{"line":36,"column":17}},{"start":{},"end":{}}],"line":25},"1":{"loc":{"start":{"line":44,"column":16},"end":{"line":55,"column":17}},"type":"if","locations":[{"start":{"line":44,"column":16},"end":{"line":55,"column":17}},{"start":{},"end":{}}],"line":44},"2":{"loc":{"start":{"line":64,"column":16},"end":{"line":75,"column":17}},"type":"if","locations":[{"start":{"line":64,"column":16},"end":{"line":75,"column":17}},{"start":{},"end":{}}],"line":64}},"s":{"0":0,"1":0,"2":0,"3":0,"4":0,"5":0,"6":0,"7":0,"8":0,"9":0,"10":0,"11":0,"12":0,"13":0,"14":0,"15":0,"16":0,"17":0,"18":0},"f":{"0":0,"1":0,"2":0,"3":0,"4":0,"5":0,"6":0,"7":0,"8":0,"9":0},"b":{"0":[0,0],"1":[0,0],"2":[0,0]}}
,"/home/bhavS/Blinkist App/blinkist/src/components/pages/MyLibrary/MyLibrary.tsx": {"path":"/home/bhavS/Blinkist App/blinkist/src/components/pages/MyLibrary/MyLibrary.tsx","statementMap":{"0":{"start":{"line":11,"column":24},"end":{"line":17,"column":1}},"1":{"start":{"line":19,"column":22},"end":{"line":24,"column":1}},"2":{"start":{"line":26,"column":26},"end":{"line":110,"column":2}},"3":{"start":{"line":28,"column":20},"end":{"line":37,"column":5}},"4":{"start":{"line":39,"column":31},"end":{"line":39,"column":48}},"5":{"start":{"line":41,"column":45},"end":{"line":41,"column":71}},"6":{"start":{"line":42,"column":25},"end":{"line":44,"column":6}},"7":{"start":{"line":43,"column":9},"end":{"line":43,"column":32}},"8":{"start":{"line":47,"column":5},"end":{"line":51,"column":10}},"9":{"start":{"line":48,"column":9},"end":{"line":50,"column":38}},"10":{"start":{"line":49,"column":22},"end":{"line":49,"column":32}},"11":{"start":{"line":50,"column":23},"end":{"line":50,"column":37}},"12":{"start":{"line":53,"column":19},"end":{"line":87,"column":6}},"13":{"start":{"line":54,"column":9},"end":{"line":85,"column":10}},"14":{"start":{"line":56,"column":13},"end":{"line":68,"column":15}},"15":{"start":{"line":57,"column":17},"end":{"line":66,"column":18}},"16":{"start":{"line":59,"column":20},"end":{"line":65,"column":22}},"17":{"start":{"line":70,"column":14},"end":{"line":85,"column":10}},"18":{"start":{"line":72,"column":12},"end":{"line":84,"column":14}},"19":{"start":{"line":73,"column":16},"end":{"line":82,"column":17}},"20":{"start":{"line":75,"column":19},"end":{"line":81,"column":21}},"21":{"start":{"line":89,"column":5},"end":{"line":108,"column":6}}},"fnMap":{"0":{"name":"(anonymous_0)","decl":{"start":{"line":26,"column":26},"end":{"line":26,"column":27}},"loc":{"start":{"line":26,"column":32},"end":{"line":110,"column":2}},"line":26},"1":{"name":"(anonymous_1)","decl":{"start":{"line":42,"column":25},"end":{"line":42,"column":26}},"loc":{"start":{"line":42,"column":43},"end":{"line":44,"column":6}},"line":42},"2":{"name":"(anonymous_2)","decl":{"start":{"line":47,"column":15},"end":{"line":47,"column":16}},"loc":{"start":{"line":47,"column":21},"end":{"line":51,"column":6}},"line":47},"3":{"name":"(anonymous_3)","decl":{"start":{"line":49,"column":15},"end":{"line":49,"column":16}},"loc":{"start":{"line":49,"column":22},"end":{"line":49,"column":32}},"line":49},"4":{"name":"(anonymous_4)","decl":{"start":{"line":50,"column":15},"end":{"line":50,"column":16}},"loc":{"start":{"line":50,"column":23},"end":{"line":50,"column":37}},"line":50},"5":{"name":"(anonymous_5)","decl":{"start":{"line":53,"column":19},"end":{"line":53,"column":20}},"loc":{"start":{"line":53,"column":25},"end":{"line":87,"column":6}},"line":53},"6":{"name":"(anonymous_6)","decl":{"start":{"line":56,"column":30},"end":{"line":56,"column":31}},"loc":{"start":{"line":56,"column":45},"end":{"line":68,"column":14}},"line":56},"7":{"name":"(anonymous_7)","decl":{"start":{"line":72,"column":29},"end":{"line":72,"column":30}},"loc":{"start":{"line":72,"column":44},"end":{"line":84,"column":13}},"line":72}},"branchMap":{"0":{"loc":{"start":{"line":54,"column":9},"end":{"line":85,"column":10}},"type":"if","locations":[{"start":{"line":54,"column":9},"end":{"line":85,"column":10}},{"start":{"line":70,"column":14},"end":{"line":85,"column":10}}],"line":54},"1":{"loc":{"start":{"line":57,"column":17},"end":{"line":66,"column":18}},"type":"if","locations":[{"start":{"line":57,"column":17},"end":{"line":66,"column":18}},{"start":{},"end":{}}],"line":57},"2":{"loc":{"start":{"line":70,"column":14},"end":{"line":85,"column":10}},"type":"if","locations":[{"start":{"line":70,"column":14},"end":{"line":85,"column":10}},{"start":{},"end":{}}],"line":70},"3":{"loc":{"start":{"line":73,"column":16},"end":{"line":82,"column":17}},"type":"if","locations":[{"start":{"line":73,"column":16},"end":{"line":82,"column":17}},{"start":{},"end":{}}],"line":73}},"s":{"0":1,"1":1,"2":1,"3":2,"4":2,"5":1,"6":1,"7":0,"8":1,"9":1,"10":0,"11":0,"12":1,"13":1,"14":1,"15":0,"16":0,"17":0,"18":0,"19":0,"20":0,"21":1},"f":{"0":2,"1":0,"2":1,"3":0,"4":0,"5":1,"6":0,"7":0},"b":{"0":[1,0],"1":[0,0],"2":[0,0],"3":[0,0]},"_coverageSchema":"1a1c01bbd47fc00a2c39e90264f33305004495a9","hash":"1a4e10616709c5952a5a6dcc4c116d71d8674d22"}
,"/home/bhavS/Blinkist App/blinkist/src/components/templates/Layout.tsx": {"path":"/home/bhavS/Blinkist App/blinkist/src/components/templates/Layout.tsx","statementMap":{"0":{"start":{"line":2,"column":22},"end":{"line":8,"column":1}},"1":{"start":{"line":3,"column":4},"end":{"line":7,"column":5}}},"fnMap":{"0":{"name":"(anonymous_0)","decl":{"start":{"line":2,"column":22},"end":{"line":2,"column":23}},"loc":{"start":{"line":2,"column":53},"end":{"line":8,"column":1}},"line":2}},"branchMap":{},"s":{"0":1,"1":1},"f":{"0":1},"b":{},"_coverageSchema":"1a1c01bbd47fc00a2c39e90264f33305004495a9","hash":"4f40170e0161766cf08baac02f14c51c41fa6485"}
,"/home/bhavS/Blinkist App/blinkist/src/stories/Button.stories.tsx": {"path":"/home/bhavS/Blinkist App/blinkist/src/stories/Button.stories.tsx","statementMap":{"0":{"start":{"line":17,"column":48},"end":{"line":17,"column":78}},"1":{"start":{"line":17,"column":58},"end":{"line":17,"column":78}},"2":{"start":{"line":19,"column":23},"end":{"line":19,"column":40}},"3":{"start":{"line":21,"column":0},"end":{"line":24,"column":2}},"4":{"start":{"line":26,"column":25},"end":{"line":26,"column":42}},"5":{"start":{"line":27,"column":0},"end":{"line":29,"column":2}},"6":{"start":{"line":31,"column":21},"end":{"line":31,"column":38}},"7":{"start":{"line":32,"column":0},"end":{"line":35,"column":2}},"8":{"start":{"line":37,"column":21},"end":{"line":37,"column":38}},"9":{"start":{"line":38,"column":0},"end":{"line":41,"column":2}}},"fnMap":{"0":{"name":"(anonymous_0)","decl":{"start":{"line":17,"column":48},"end":{"line":17,"column":49}},"loc":{"start":{"line":17,"column":58},"end":{"line":17,"column":78}},"line":17}},"branchMap":{},"s":{"0":0,"1":0,"2":0,"3":0,"4":0,"5":0,"6":0,"7":0,"8":0,"9":0},"f":{"0":0},"b":{}}
,"/home/bhavS/Blinkist App/blinkist/src/stories/Button.tsx": {"path":"/home/bhavS/Blinkist App/blinkist/src/stories/Button.tsx","statementMap":{"0":{"start":{"line":30,"column":22},"end":{"line":48,"column":1}},"1":{"start":{"line":37,"column":15},"end":{"line":37,"column":84}},"2":{"start":{"line":38,"column":2},"end":{"line":47,"column":4}}},"fnMap":{"0":{"name":"(anonymous_0)","decl":{"start":{"line":30,"column":22},"end":{"line":30,"column":23}},"loc":{"start":{"line":36,"column":19},"end":{"line":48,"column":1}},"line":36}},"branchMap":{"0":{"loc":{"start":{"line":31,"column":2},"end":{"line":31,"column":17}},"type":"default-arg","locations":[{"start":{"line":31,"column":12},"end":{"line":31,"column":17}}],"line":31},"1":{"loc":{"start":{"line":32,"column":2},"end":{"line":32,"column":17}},"type":"default-arg","locations":[{"start":{"line":32,"column":9},"end":{"line":32,"column":17}}],"line":32},"2":{"loc":{"start":{"line":37,"column":15},"end":{"line":37,"column":84}},"type":"cond-expr","locations":[{"start":{"line":37,"column":25},"end":{"line":37,"column":52}},{"start":{"line":37,"column":55},"end":{"line":37,"column":84}}],"line":37}},"s":{"0":0,"1":0,"2":0},"f":{"0":0},"b":{"0":[0],"1":[0],"2":[0,0]}}
,"/home/bhavS/Blinkist App/blinkist/src/stories/Header.stories.tsx": {"path":"/home/bhavS/Blinkist App/blinkist/src/stories/Header.stories.tsx","statementMap":{"0":{"start":{"line":15,"column":48},"end":{"line":15,"column":78}},"1":{"start":{"line":15,"column":58},"end":{"line":15,"column":78}},"2":{"start":{"line":17,"column":24},"end":{"line":17,"column":41}},"3":{"start":{"line":18,"column":0},"end":{"line":22,"column":2}},"4":{"start":{"line":24,"column":25},"end":{"line":24,"column":42}},"5":{"start":{"line":25,"column":0},"end":{"line":25,"column":20}}},"fnMap":{"0":{"name":"(anonymous_0)","decl":{"start":{"line":15,"column":48},"end":{"line":15,"column":49}},"loc":{"start":{"line":15,"column":58},"end":{"line":15,"column":78}},"line":15}},"branchMap":{},"s":{"0":0,"1":0,"2":0,"3":0,"4":0,"5":0},"f":{"0":0},"b":{}}
,"/home/bhavS/Blinkist App/blinkist/src/stories/Header.tsx": {"path":"/home/bhavS/Blinkist App/blinkist/src/stories/Header.tsx","statementMap":{"0":{"start":{"line":17,"column":22},"end":{"line":56,"column":1}},"1":{"start":{"line":18,"column":2},"end":{"line":55,"column":11}}},"fnMap":{"0":{"name":"(anonymous_0)","decl":{"start":{"line":17,"column":22},"end":{"line":17,"column":23}},"loc":{"start":{"line":18,"column":2},"end":{"line":55,"column":11}},"line":18}},"branchMap":{"0":{"loc":{"start":{"line":40,"column":9},"end":{"line":52,"column":9}},"type":"cond-expr","locations":[{"start":{"line":41,"column":10},"end":{"line":46,"column":13}},{"start":{"line":48,"column":10},"end":{"line":51,"column":13}}],"line":40}},"s":{"0":0,"1":0},"f":{"0":0},"b":{"0":[0,0]}}
,"/home/bhavS/Blinkist App/blinkist/src/stories/Page.stories.tsx": {"path":"/home/bhavS/Blinkist App/blinkist/src/stories/Page.stories.tsx","statementMap":{"0":{"start":{"line":15,"column":46},"end":{"line":15,"column":74}},"1":{"start":{"line":15,"column":56},"end":{"line":15,"column":74}},"2":{"start":{"line":17,"column":25},"end":{"line":17,"column":42}},"3":{"start":{"line":19,"column":24},"end":{"line":19,"column":41}},"4":{"start":{"line":22,"column":0},"end":{"line":26,"column":2}},"5":{"start":{"line":23,"column":17},"end":{"line":23,"column":38}},"6":{"start":{"line":24,"column":22},"end":{"line":24,"column":75}},"7":{"start":{"line":25,"column":2},"end":{"line":25,"column":37}}},"fnMap":{"0":{"name":"(anonymous_0)","decl":{"start":{"line":15,"column":46},"end":{"line":15,"column":47}},"loc":{"start":{"line":15,"column":56},"end":{"line":15,"column":74}},"line":15},"1":{"name":"(anonymous_1)","decl":{"start":{"line":22,"column":16},"end":{"line":22,"column":17}},"loc":{"start":{"line":22,"column":45},"end":{"line":26,"column":1}},"line":22}},"branchMap":{},"s":{"0":0,"1":0,"2":0,"3":0,"4":0,"5":0,"6":0,"7":0},"f":{"0":0,"1":0},"b":{}}
,"/home/bhavS/Blinkist App/blinkist/src/stories/Page.tsx": {"path":"/home/bhavS/Blinkist App/blinkist/src/stories/Page.tsx","statementMap":{"0":{"start":{"line":10,"column":31},"end":{"line":73,"column":1}},"1":{"start":{"line":11,"column":26},"end":{"line":11,"column":48}},"2":{"start":{"line":13,"column":2},"end":{"line":72,"column":4}},"3":{"start":{"line":17,"column":23},"end":{"line":17,"column":52}},"4":{"start":{"line":18,"column":24},"end":{"line":18,"column":42}},"5":{"start":{"line":19,"column":31},"end":{"line":19,"column":60}}},"fnMap":{"0":{"name":"(anonymous_0)","decl":{"start":{"line":10,"column":31},"end":{"line":10,"column":32}},"loc":{"start":{"line":10,"column":37},"end":{"line":73,"column":1}},"line":10},"1":{"name":"(anonymous_1)","decl":{"start":{"line":17,"column":17},"end":{"line":17,"column":18}},"loc":{"start":{"line":17,"column":23},"end":{"line":17,"column":52}},"line":17},"2":{"name":"(anonymous_2)","decl":{"start":{"line":18,"column":18},"end":{"line":18,"column":19}},"loc":{"start":{"line":18,"column":24},"end":{"line":18,"column":42}},"line":18},"3":{"name":"(anonymous_3)","decl":{"start":{"line":19,"column":25},"end":{"line":19,"column":26}},"loc":{"start":{"line":19,"column":31},"end":{"line":19,"column":60}},"line":19}},"branchMap":{},"s":{"0":0,"1":0,"2":0,"3":0,"4":0,"5":0},"f":{"0":0,"1":0,"2":0,"3":0},"b":{}}
}
